<?xml version="1.0" encoding="UTF-8"?>
<!-- Generated by org.testng.reporters.JUnitReportReporter -->
<testsuite skipped="0" hostname="LAPTOP-LLV8CVPK" name="pack.DemotestNG" tests="1" failures="0" timestamp="1 Sep 2022 10:00:27 GMT" time="0.023" errors="0">
  <testcase name="show" time="0.023" classname="pack.DemotestNG"/>
</testsuite> <!-- pack.DemotestNG -->
