<?xml version="1.0" encoding="UTF-8"?>
<!-- Generated by org.testng.reporters.JUnitReportReporter -->
<testsuite skipped="0" hostname="LAPTOP-LLV8CVPK" name="pack.test11_firefox" tests="1" failures="0" timestamp="2 Sep 2022 07:32:03 GMT" time="9.954" errors="0">
  <testcase name="f" time="9.954" classname="pack.test11_firefox"/>
</testsuite> <!-- pack.test11_firefox -->
